<component name="libraryTable">
  <library name="junit-jupiter-engine-5.9.2">
    <CLASSES>
      <root url="jar://$PROJECT_DIR$/../../../../2 четверть/5 - Unit тесты (вне четверти)/junit-jupiter-engine-5.9.2.jar!/" />
    </CLASSES>
    <JAVADOC />
    <SOURCES />
  </library>
</component>